[20200726 20:11:46] [voluteer] [line:235] [INFO] 访问：https://www.artcollegehb.cn/zhaosheng.php 
[20200726 20:14:05] [voluteer] [line:235] [INFO] 访问：http://www.bk179.com/volunteer/majordata/mname/汽车智能技术.html 
[20200726 20:14:08] [voluteer] [line:235] [INFO] 访问：http://www.bk179.com/volunteer/majordata/mname/物联网应用技术.html 
[20200726 20:14:37] [voluteer] [line:235] [INFO] 访问：http://www.bk179.com/volunteer/majordata/mname/计算机网络技术.html 
[20200726 20:14:46] [voluteer] [line:235] [INFO] 访问：http://www.bk179.com/volunteer/majordata/mname/计算机应用技术.html 
[20200726 20:14:55] [voluteer] [line:235] [INFO] 访问：http://www.bk179.com/volunteer/majordata/mname/电气自动化技术+.html 
[20200726 20:15:41] [voluteer] [line:235] [INFO] 访问：http://www.bk179.com/volunteer/majordata/mname/工业机器人技术+.html 
[20200726 20:15:44] [voluteer] [line:235] [INFO] 访问：http://www.bk179.com/volunteer/majordata/mname/无人机应用技术.html 
[20200726 20:16:32] [voluteer] [line:235] [INFO] 访问：http://www.bk179.com/volunteer/majordata/mname/空中乘务.html 
[20200726 20:16:37] [voluteer] [line:235] [INFO] 访问：http://www.bk179.com/volunteer/majordata/mname/社会体育.html 
[20200726 20:17:08] [voluteer] [line:235] [INFO] 访问：http://www.bk179.com/volunteer/majordata/mname/高速铁路客运乘务.html 
[20200726 20:17:10] [voluteer] [line:235] [INFO] 访问：http://www.bk179.com/volunteer/majordata/mname/青少年工作与管理+.html 
[20200726 20:17:13] [voluteer] [line:235] [INFO] 访问：http://www.bk179.com/volunteer/majordata/mname/建筑室内设计+.html 
[20200726 20:17:57] [voluteer] [line:235] [INFO] 访问：http://www.bk179.com/volunteer/majordata/mname/计算机网络技术.html 
[20200726 20:18:01] [voluteer] [line:235] [INFO] 访问：http://www.bk179.com/volunteer/majordata/mname/计算机应用技术.html 
[20200726 20:18:13] [voluteer] [line:235] [INFO] 访问：http://www.bk179.com/volunteer/majordata/mname/物联网应用技术.html 
[20200726 20:18:31] [voluteer] [line:235] [INFO] 访问：http://www.bk179.com/volunteer/majordata/mname/应用电子技术.html 
[20200726 20:18:48] [voluteer] [line:235] [INFO] 访问：http://www.bk179.com/volunteer/majordata/mname/建筑室内设计+.html 
[20200726 20:24:30] [voluteer] [line:235] [INFO] 访问：http://www.bk179.com/volunteer/majordata/mname/移动互联应用技术+.html 
[20200726 20:26:13] [voluteer] [line:235] [INFO] 访问：http://www.bk179.com/volunteer/majordata/mname/软件技术.html 
[20200726 20:29:00] [voluteer] [line:235] [INFO] 访问：http://www.bk179.com/volunteer/majordata/mname/移动互联应用技术+.html 
[20200726 20:29:05] [voluteer] [line:235] [INFO] 访问：http://www.bk179.com/volunteer/majordata/mname/互联网金融+.html 
[20200726 20:29:06] [voluteer] [line:235] [INFO] 访问：http://www.bk179.com/volunteer/majordata/mname/会计+.html 
[20200726 20:29:12] [voluteer] [line:235] [INFO] 访问：http://www.bk179.com/volunteer/majordata/mname/汽车检测与维修技术+.html 
[20200726 20:29:13] [voluteer] [line:235] [INFO] 访问：http://www.bk179.com/volunteer/majordata/mname/机电一体化技术.html 
[20200726 20:29:18] [voluteer] [line:235] [INFO] 访问：http://www.bk179.com/volunteer/majordata/mname/建筑工程技术.html 
[20200726 20:29:20] [voluteer] [line:235] [INFO] 访问：http://www.bk179.com/volunteer/majordata/mname/建筑装饰工程技术+.html 
[20200726 20:30:24] [voluteer] [line:235] [INFO] 访问：http://www.bk179.com/volunteer/majordata/mname/移动互联应用技术+.html 
[20200726 20:30:32] [voluteer] [line:235] [INFO] 访问：http://www.bk179.com/volunteer/majordata/mname/软件技术.html 
[20200726 20:30:44] [voluteer] [line:235] [INFO] 访问：http://www.bk179.com/volunteer/majordata/mname/信息安全与管理+.html 
[20200726 20:30:46] [voluteer] [line:235] [INFO] 访问：http://www.bk179.com/volunteer/majordata/mname/软件技术.html 
[20200726 20:31:21] [voluteer] [line:235] [INFO] 访问：http://www.bk179.com/volunteer/majordata/mname/信息安全与管理+.html 
[20200726 20:41:02] [voluteer] [line:235] [INFO] 访问：http://www.bk179.com/volunteer/majordata/mname/电子竞技运动与管理.html 
[20200726 20:41:32] [voluteer] [line:235] [INFO] 访问：http://www.bk179.com/volunteer/majordata/mname/园林技术+.html 
[20200726 20:43:50] [voluteer] [line:235] [INFO] 访问：http://www.bk179.com/volunteer/majordata/mname/建筑室内设计+.html 
[20200726 20:43:55] [voluteer] [line:235] [INFO] 访问：http://www.bk179.com/volunteer/majordata/mname/广告设计与制作+.html 
[20200726 20:43:57] [voluteer] [line:235] [INFO] 访问：http://www.bk179.com/volunteer/majordata/mname/动漫设计.html 
[20200726 20:44:11] [voluteer] [line:235] [INFO] 访问：http://www.bk179.com/volunteer/majordata/mname/建筑室内设计+.html 
[20200726 20:45:01] [voluteer] [line:235] [INFO] 访问：http://www.bk179.com/volunteer/majordata/mname/移动应用开发+.html 
[20200726 20:45:41] [voluteer] [line:235] [INFO] 访问：http://www.bk179.com/volunteer/majordata/mname/信息安全与管理+.html 
[20200726 20:46:17] [voluteer] [line:235] [INFO] 访问：https://map.baidu.com/ 
[20200726 20:46:18] [voluteer] [line:235] [INFO] 访问：https://map.baidu.com/@13047444.58,4707506.67,12z 
[20200726 20:46:21] [voluteer] [line:235] [INFO] 访问：https://map.baidu.com/search/湖北省武汉市东湖高新技术开发区软件园路2号/@13047444.58,4707506.67,12z?querytype=s&da_src=shareurl&wd=湖北省武汉市东湖高新技术开发区软件园路2号&c=332&src=0&pn=0&sug=0&l=12&b=(13001396.58,4675122.67;13093492.58,4739890.67)&from=webmap&biz_forward=%7B%22scaler%22:1,%22styles%22:%22pl%22%7D&device_ratio=1 
[20200726 20:46:21] [voluteer] [line:235] [INFO] 访问：https://map.baidu.com/search/湖北省武汉市东湖高新技术开发区软件园路2号/@12736260.735,3543436.96,12z?querytype=s&da_src=shareurl&wd=湖北省武汉市东湖高新技术开发区软件园路2号&c=332&src=0&pn=0&sug=0&l=12&b=(13001396.58,4675122.67;13093492.58,4739890.67)&from=webmap&biz_forward=%7B%22scaler%22:1,%22styles%22:%22pl%22%7D&device_ratio=1 
[20200726 20:46:21] [voluteer] [line:235] [INFO] 访问：https://map.baidu.com/search/湖北省武汉市东湖高新技术开发区软件园路2号/@12736260.735,3543436.96,19z?querytype=s&da_src=shareurl&wd=湖北省武汉市东湖高新技术开发区软件园路2号&c=332&src=0&pn=0&sug=0&l=12&b=(13001396.58,4675122.67;13093492.58,4739890.67)&from=webmap&biz_forward=%7B%22scaler%22:1,%22styles%22:%22pl%22%7D&device_ratio=1 
[20200726 20:46:26] [voluteer] [line:235] [INFO] 访问：https://map.baidu.com/search/湖北省武汉市东湖高新技术开发区软件园路2号/@12736260.735,3543436.96,18.73z?querytype=s&da_src=shareurl&wd=湖北省武汉市东湖高新技术开发区软件园路2号&c=332&src=0&pn=0&sug=0&l=12&b=(13001396.58,4675122.67;13093492.58,4739890.67)&from=webmap&biz_forward=%7B%22scaler%22:1,%22styles%22:%22pl%22%7D&device_ratio=1 
[20200726 20:46:27] [voluteer] [line:235] [INFO] 访问：https://map.baidu.com/search/湖北省武汉市东湖高新技术开发区软件园路2号/@12736260.735,3543436.96,18.28z?querytype=s&da_src=shareurl&wd=湖北省武汉市东湖高新技术开发区软件园路2号&c=332&src=0&pn=0&sug=0&l=12&b=(13001396.58,4675122.67;13093492.58,4739890.67)&from=webmap&biz_forward=%7B%22scaler%22:1,%22styles%22:%22pl%22%7D&device_ratio=1 
[20200726 20:46:27] [voluteer] [line:235] [INFO] 访问：https://map.baidu.com/search/湖北省武汉市东湖高新技术开发区软件园路2号/@12736260.735,3543436.96,18.08z?querytype=s&da_src=shareurl&wd=湖北省武汉市东湖高新技术开发区软件园路2号&c=332&src=0&pn=0&sug=0&l=12&b=(13001396.58,4675122.67;13093492.58,4739890.67)&from=webmap&biz_forward=%7B%22scaler%22:1,%22styles%22:%22pl%22%7D&device_ratio=1 
[20200726 20:46:28] [voluteer] [line:235] [INFO] 访问：https://map.baidu.com/search/湖北省武汉市东湖高新技术开发区软件园路2号/@12736260.735,3543436.96,17.88z?querytype=s&da_src=shareurl&wd=湖北省武汉市东湖高新技术开发区软件园路2号&c=332&src=0&pn=0&sug=0&l=12&b=(13001396.58,4675122.67;13093492.58,4739890.67)&from=webmap&biz_forward=%7B%22scaler%22:1,%22styles%22:%22pl%22%7D&device_ratio=1 
[20200726 20:46:29] [voluteer] [line:235] [INFO] 访问：https://map.baidu.com/search/湖北省武汉市东湖高新技术开发区软件园路2号/@12736260.735,3543436.96,17.34z?querytype=s&da_src=shareurl&wd=湖北省武汉市东湖高新技术开发区软件园路2号&c=332&src=0&pn=0&sug=0&l=12&b=(13001396.58,4675122.67;13093492.58,4739890.67)&from=webmap&biz_forward=%7B%22scaler%22:1,%22styles%22:%22pl%22%7D&device_ratio=1 
[20200726 20:46:31] [voluteer] [line:235] [INFO] 访问：https://map.baidu.com/search/湖北省武汉市东湖高新技术开发区软件园路2号/@12736260.735,3543436.96,15.18z?querytype=s&da_src=shareurl&wd=湖北省武汉市东湖高新技术开发区软件园路2号&c=332&src=0&pn=0&sug=0&l=12&b=(13001396.58,4675122.67;13093492.58,4739890.67)&from=webmap&biz_forward=%7B%22scaler%22:1,%22styles%22:%22pl%22%7D&device_ratio=1 
[20200726 20:46:33] [voluteer] [line:235] [INFO] 访问：https://map.baidu.com/search/湖北省武汉市东湖高新技术开发区软件园路2号/@12736260.735,3543436.96,13.77z?querytype=s&da_src=shareurl&wd=湖北省武汉市东湖高新技术开发区软件园路2号&c=332&src=0&pn=0&sug=0&l=12&b=(13001396.58,4675122.67;13093492.58,4739890.67)&from=webmap&biz_forward=%7B%22scaler%22:1,%22styles%22:%22pl%22%7D&device_ratio=1 
[20200726 20:46:38] [voluteer] [line:235] [INFO] 访问：https://map.baidu.com/search/湖北省武汉市东湖高新技术开发区软件园路2号/@12736260.735,3543436.96,15.96z?querytype=s&da_src=shareurl&wd=湖北省武汉市东湖高新技术开发区软件园路2号&c=332&src=0&pn=0&sug=0&l=12&b=(13001396.58,4675122.67;13093492.58,4739890.67)&from=webmap&biz_forward=%7B%22scaler%22:1,%22styles%22:%22pl%22%7D&device_ratio=1 
[20200726 20:46:39] [voluteer] [line:235] [INFO] 访问：https://map.baidu.com/search/湖北省武汉市东湖高新技术开发区软件园路2号/@12736260.735,3543436.96,17z?querytype=s&da_src=shareurl&wd=湖北省武汉市东湖高新技术开发区软件园路2号&c=332&src=0&pn=0&sug=0&l=12&b=(13001396.58,4675122.67;13093492.58,4739890.67)&from=webmap&biz_forward=%7B%22scaler%22:1,%22styles%22:%22pl%22%7D&device_ratio=1 
